\BOOKMARK [0][-]{chapter.1}{Definiciones preeliminares}{}% 1
\BOOKMARK [1][-]{section.1.1}{Variedades}{chapter.1}% 2
\BOOKMARK [1][-]{section.1.2}{Variedades con borde}{chapter.1}% 3
\BOOKMARK [1][-]{section.1.3}{Suma conexa de variedades}{chapter.1}% 4
\BOOKMARK [0][-]{chapter.2}{Triangulaci\363n de superficies}{}% 5
\BOOKMARK [1][-]{section.2.1}{Complejos simpliciales y triangulaci\363n}{chapter.2}% 6
\BOOKMARK [1][-]{section.2.2}{Teorema de Rad\363}{chapter.2}% 7
\BOOKMARK [0][-]{chapter.3}{Teorema de Clasificaci\363n}{}% 8
\BOOKMARK [1][-]{section.3.1}{Superficies como cocientes}{chapter.3}% 9
\BOOKMARK [1][-]{section.3.2}{Representaci\363n de superficies}{chapter.3}% 10
\BOOKMARK [1][-]{section.3.3}{Demostraci\363n cl\341sica}{chapter.3}% 11
\BOOKMARK [0][-]{chapter.4}{La prueba ZIP de Conway}{}% 12
\BOOKMARK [1][-]{section.4.1}{Cremalleras}{chapter.4}% 13
\BOOKMARK [1][-]{section.4.2}{Representaci\363n de superficies con cremalleras}{chapter.4}% 14
\BOOKMARK [1][-]{section.4.3}{Teorema de Clasificaci\363n}{chapter.4}% 15
\BOOKMARK [0][-]{appendix.Alph1}{Algunos teoremas de topolog\355a importantes}{}% 16
\BOOKMARK [0][-]{appendix.Alph2}{CW-complejos}{}% 17
\BOOKMARK [0][-]{appendix.Alph3}{Espacios adjunci\363n}{}% 18
\BOOKMARK [0][-]{appendix.Alph4}{Homolog\355a}{}% 19
\BOOKMARK [0][-]{appendix.Alph5}{Orientabilidad}{}% 20
\BOOKMARK [0][-]{appendix.Alph6}{Espacios cociente}{}% 21
\BOOKMARK [0][-]{appendix.Alph7}{Definiciones}{}% 22
